This file contains any messages produced by compilers while
running configure, to aid debugging if configure makes a mistake.

It was created by sqlite configure 3.7.10, which was
generated by GNU Autoconf 2.68.  Invocation command line was

  $ ./configure --prefix=/home/burning/wr1004sjl/apps/sqlite/__install --host=arm-linux

## --------- ##
## Platform. ##
## --------- ##

hostname = ubuntu
uname -m = i686
uname -r = 3.19.0-15-generic
uname -s = Linux
uname -v = #15-Ubuntu SMP Thu Apr 16 23:32:01 UTC 2015

/usr/bin/uname -p = unknown
/bin/uname -X     = unknown

/bin/arch              = unknown
/usr/bin/arch -k       = unknown
/usr/convex/getsysinfo = unknown
/usr/bin/hostinfo      = unknown
/bin/machine           = unknown
/usr/bin/oslevel       = unknown
/bin/universe          = unknown

PATH: /usr/local/sbin
PATH: /usr/local/bin
PATH: /usr/sbin
PATH: /usr/bin
PATH: /sbin
PATH: /bin
PATH: /usr/games
PATH: /usr/local/games
PATH: /opt/eldk-5.1/armv5te/sysroots/i686-eldk-linux/usr/bin
PATH: /opt/eldk-5.1/armv5te/sysroots/i686-eldk-linux/usr/bin/armv5te-linux-gnueabi


## ----------- ##
## Core tests. ##
## ----------- ##

configure:2635: checking for a BSD-compatible install
configure:2703: result: /usr/bin/install -c
configure:2714: checking whether build environment is sane
configure:2751: result: yes
configure:2813: checking for gawk
configure:2843: result: no
configure:2813: checking for mawk
configure:2829: found /usr/bin/mawk
configure:2840: result: mawk
configure:2851: checking whether make sets $(MAKE)
configure:2873: result: yes
configure:2947: checking for arm-linux-strip
configure:2963: found /opt/eldk-5.1/armv5te/sysroots/i686-eldk-linux/usr/bin/armv5te-linux-gnueabi/arm-linux-strip
configure:2974: result: arm-linux-strip
configure:3064: checking for style of include used by make
configure:3092: result: GNU
configure:3125: checking for arm-linux-gcc
configure:3141: found /opt/eldk-5.1/armv5te/sysroots/i686-eldk-linux/usr/bin/armv5te-linux-gnueabi/arm-linux-gcc
configure:3152: result: arm-linux-gcc
configure:3421: checking for C compiler version
configure:3430: arm-linux-gcc --version >&5
arm-linux-gcc (GCC) 4.6.1 20110627 (prerelease)
Copyright (C) 2011 Free Software Foundation, Inc.
This is free software; see the source for copying conditions.  There is NO
warranty; not even for MERCHANTABILITY or FITNESS FOR A PARTICULAR PURPOSE.

configure:3441: $? = 0
configure:3430: arm-linux-gcc -v >&5
Using built-in specs.
COLLECT_GCC=arm-linux-gcc
COLLECT_LTO_WRAPPER=/opt/eldk-5.1/armv5te/sysroots/i686-eldk-linux/usr/libexec/armv5te-linux-gnueabi/gcc/arm-linux-gnueabi/4.6.1/lto-wrapper
Target: arm-linux-gnueabi
Configured with: /opt/eldk/build/eldk-rel-v5.1-2011-12-11-a999e4a-armv5te/tmp/work-shared/gcc-4.6.1+svnr175454-r11/gcc-4_6-branch/configure --build=x86_64-linux --host=i686-eldk-linux --target=arm-linux-gnueabi --prefix=/opt/eldk-5.1/armv5te/sysroots/i686-eldk-linux/usr --exec_prefix=/opt/eldk-5.1/armv5te/sysroots/i686-eldk-linux/usr --bindir=/opt/eldk-5.1/armv5te/sysroots/i686-eldk-linux/usr/bin/armv5te-linux-gnueabi --sbindir=/opt/eldk-5.1/armv5te/sysroots/i686-eldk-linux/usr/bin/armv5te-linux-gnueabi --libexecdir=/opt/eldk-5.1/armv5te/sysroots/i686-eldk-linux/usr/libexec/armv5te-linux-gnueabi --datadir=/opt/eldk-5.1/armv5te/sysroots/i686-eldk-linux/usr/share --sysconfdir=/opt/eldk-5.1/armv5te/sysroots/i686-eldk-linux/etc --sharedstatedir=/opt/eldk-5.1/armv5te/sysroots/i686-eldk-linux/com --localstatedir=/opt/eldk-5.1/armv5te/sysroots/i686-eldk-linux/var --libdir=/opt/eldk-5.1/armv5te/sysroots/i686-eldk-linux/usr/lib/armv5te-linux-gnueabi --includedir=/opt/eldk-5.1/armv5te/sysroots/i686-eldk-linux/usr/include --oldincludedir=/opt/eldk-5.1/armv5te/sysroots/i686-eldk-linux/usr/include --infodir=/opt/eldk-5.1/armv5te/sysroots/i686-eldk-linux/usr/share/info --mandir=/opt/eldk-5.1/armv5te/sysroots/i686-eldk-linux/usr/share/man --disable-silent-rules --with-libtool-sysroot=/opt/eldk/build/eldk-rel-v5.1-2011-12-11-a999e4a-armv5te/tmp/sysroots/i686-eldk-linux-nativesdk --with-gnu-ld --enable-shared --enable-languages=c,c++ --enable-threads=posix --disable-multilib --enable-c99 --enable-long-long --enable-symvers=gnu --enable-libstdcxx-pch --program-prefix=arm-linux-gnueabi- --enable-target-optspace --enable-lto --enable-libssp --disable-bootstrap --disable-libgomp --disable-libmudflap --enable-cheaders=c_global --with-float=soft --with-local-prefix=/opt/eldk-5.1/armv5te/sysroots/armv5te-linux-gnueabi/usr --with-gxx-include-dir=/usr/include/c++ --with-build-time-tools=/opt/eldk/build/eldk-rel-v5.1-2011-12-11-a999e4a-armv5te/tmp/sysroots/x86_64-linux/usr/arm-linux-gnueabi/bin --with-sysroot=/opt/eldk-5.1/armv5te/sysroots/armv5te-linux-gnueabi --with-build-sysroot=/opt/eldk/build/eldk-rel-v5.1-2011-12-11-a999e4a-armv5te/tmp/sysroots/generic-armv5te --disable-libunwind-exceptions --disable-libssp --disable-libgomp --disable-libmudflap --with-mpfr=/opt/eldk/build/eldk-rel-v5.1-2011-12-11-a999e4a-armv5te/tmp/sysroots/i686-eldk-linux-nativesdk --with-mpc=/opt/eldk/build/eldk-rel-v5.1-2011-12-11-a999e4a-armv5te/tmp/sysroots/i686-eldk-linux-nativesdk --enable-nls --enable-__cxa_atexit
Thread model: posix
gcc version 4.6.1 20110627 (prerelease) (GCC) 
configure:3441: $? = 0
configure:3430: arm-linux-gcc -V >&5
arm-linux-gcc: error: unrecognized option '-V'
arm-linux-gcc: fatal error: no input files
compilation terminated.
configure:3441: $? = 1
configure:3430: arm-linux-gcc -qversion >&5
arm-linux-gcc: error: unrecognized option '-qversion'
arm-linux-gcc: fatal error: no input files
compilation terminated.
configure:3441: $? = 1
configure:3461: checking whether the C compiler works
configure:3483: arm-linux-gcc    conftest.c  >&5
configure:3487: $? = 0
configure:3535: result: yes
configure:3538: checking for C compiler default output file name
configure:3540: result: a.out
configure:3546: checking for suffix of executables
configure:3553: arm-linux-gcc -o conftest    conftest.c  >&5
configure:3557: $? = 0
configure:3579: result: 
configure:3601: checking whether we are cross compiling
configure:3609: arm-linux-gcc -o conftest    conftest.c  >&5
configure:3613: $? = 0
configure:3620: ./conftest
./configure: line 3622: ./conftest: cannot execute binary file: Exec format error
configure:3624: $? = 126
configure:3639: result: yes
configure:3644: checking for suffix of object files
configure:3666: arm-linux-gcc -c   conftest.c >&5
configure:3670: $? = 0
configure:3691: result: o
configure:3695: checking whether we are using the GNU C compiler
configure:3714: arm-linux-gcc -c   conftest.c >&5
configure:3714: $? = 0
configure:3723: result: yes
configure:3732: checking whether arm-linux-gcc accepts -g
configure:3752: arm-linux-gcc -c -g  conftest.c >&5
configure:3752: $? = 0
configure:3793: result: yes
configure:3810: checking for arm-linux-gcc option to accept ISO C89
configure:3874: arm-linux-gcc  -c -g -O2  conftest.c >&5
configure:3874: $? = 0
configure:3887: result: none needed
configure:3909: checking dependency style of arm-linux-gcc
configure:3999: result: gcc3
configure:4024: checking for special C compiler options needed for large files
configure:4069: result: no
configure:4075: checking for _FILE_OFFSET_BITS value needed for large files
configure:4100: arm-linux-gcc -c -g -O2  conftest.c >&5
conftest.c:17:3: warning: left shift count >= width of type [enabled by default]
conftest.c:17:3: warning: left shift count >= width of type [enabled by default]
conftest.c:18:10: warning: left shift count >= width of type [enabled by default]
conftest.c:18:10: warning: left shift count >= width of type [enabled by default]
conftest.c:17:7: error: size of array 'off_t_is_large' is negative
conftest.c:19:9: warning: variably modified 'off_t_is_large' at file scope [enabled by default]
configure:4100: $? = 1
configure: failed program was:
| /* confdefs.h */
| #define PACKAGE_NAME "sqlite"
| #define PACKAGE_TARNAME "sqlite"
| #define PACKAGE_VERSION "3.7.10"
| #define PACKAGE_STRING "sqlite 3.7.10"
| #define PACKAGE_BUGREPORT "http://www.sqlite.org"
| #define PACKAGE_URL ""
| #define PACKAGE "sqlite"
| #define VERSION "3.7.10"
| /* end confdefs.h.  */
| #include <sys/types.h>
|  /* Check that off_t can represent 2**63 - 1 correctly.
|     We can't simply define LARGE_OFF_T to be 9223372036854775807,
|     since some C++ compilers masquerading as C compilers
|     incorrectly reject 9223372036854775807.  */
| #define LARGE_OFF_T (((off_t) 1 << 62) - 1 + ((off_t) 1 << 62))
|   int off_t_is_large[(LARGE_OFF_T % 2147483629 == 721
| 		       && LARGE_OFF_T % 2147483647 == 1)
| 		      ? 1 : -1];
| int
| main ()
| {
| 
|   ;
|   return 0;
| }
configure:4124: arm-linux-gcc -c -g -O2  conftest.c >&5
configure:4124: $? = 0
configure:4132: result: 64
configure:4225: checking for arm-linux-gcc
configure:4252: result: arm-linux-gcc
configure:4521: checking for C compiler version
configure:4530: arm-linux-gcc --version >&5
arm-linux-gcc (GCC) 4.6.1 20110627 (prerelease)
Copyright (C) 2011 Free Software Foundation, Inc.
This is free software; see the source for copying conditions.  There is NO
warranty; not even for MERCHANTABILITY or FITNESS FOR A PARTICULAR PURPOSE.

configure:4541: $? = 0
configure:4530: arm-linux-gcc -v >&5
Using built-in specs.
COLLECT_GCC=arm-linux-gcc
COLLECT_LTO_WRAPPER=/opt/eldk-5.1/armv5te/sysroots/i686-eldk-linux/usr/libexec/armv5te-linux-gnueabi/gcc/arm-linux-gnueabi/4.6.1/lto-wrapper
Target: arm-linux-gnueabi
Configured with: /opt/eldk/build/eldk-rel-v5.1-2011-12-11-a999e4a-armv5te/tmp/work-shared/gcc-4.6.1+svnr175454-r11/gcc-4_6-branch/configure --build=x86_64-linux --host=i686-eldk-linux --target=arm-linux-gnueabi --prefix=/opt/eldk-5.1/armv5te/sysroots/i686-eldk-linux/usr --exec_prefix=/opt/eldk-5.1/armv5te/sysroots/i686-eldk-linux/usr --bindir=/opt/eldk-5.1/armv5te/sysroots/i686-eldk-linux/usr/bin/armv5te-linux-gnueabi --sbindir=/opt/eldk-5.1/armv5te/sysroots/i686-eldk-linux/usr/bin/armv5te-linux-gnueabi --libexecdir=/opt/eldk-5.1/armv5te/sysroots/i686-eldk-linux/usr/libexec/armv5te-linux-gnueabi --datadir=/opt/eldk-5.1/armv5te/sysroots/i686-eldk-linux/usr/share --sysconfdir=/opt/eldk-5.1/armv5te/sysroots/i686-eldk-linux/etc --sharedstatedir=/opt/eldk-5.1/armv5te/sysroots/i686-eldk-linux/com --localstatedir=/opt/eldk-5.1/armv5te/sysroots/i686-eldk-linux/var --libdir=/opt/eldk-5.1/armv5te/sysroots/i686-eldk-linux/usr/lib/armv5te-linux-gnueabi --includedir=/opt/eldk-5.1/armv5te/sysroots/i686-eldk-linux/usr/include --oldincludedir=/opt/eldk-5.1/armv5te/sysroots/i686-eldk-linux/usr/include --infodir=/opt/eldk-5.1/armv5te/sysroots/i686-eldk-linux/usr/share/info --mandir=/opt/eldk-5.1/armv5te/sysroots/i686-eldk-linux/usr/share/man --disable-silent-rules --with-libtool-sysroot=/opt/eldk/build/eldk-rel-v5.1-2011-12-11-a999e4a-armv5te/tmp/sysroots/i686-eldk-linux-nativesdk --with-gnu-ld --enable-shared --enable-languages=c,c++ --enable-threads=posix --disable-multilib --enable-c99 --enable-long-long --enable-symvers=gnu --enable-libstdcxx-pch --program-prefix=arm-linux-gnueabi- --enable-target-optspace --enable-lto --enable-libssp --disable-bootstrap --disable-libgomp --disable-libmudflap --enable-cheaders=c_global --with-float=soft --with-local-prefix=/opt/eldk-5.1/armv5te/sysroots/armv5te-linux-gnueabi/usr --with-gxx-include-dir=/usr/include/c++ --with-build-time-tools=/opt/eldk/build/eldk-rel-v5.1-2011-12-11-a999e4a-armv5te/tmp/sysroots/x86_64-linux/usr/arm-linux-gnueabi/bin --with-sysroot=/opt/eldk-5.1/armv5te/sysroots/armv5te-linux-gnueabi --with-build-sysroot=/opt/eldk/build/eldk-rel-v5.1-2011-12-11-a999e4a-armv5te/tmp/sysroots/generic-armv5te --disable-libunwind-exceptions --disable-libssp --disable-libgomp --disable-libmudflap --with-mpfr=/opt/eldk/build/eldk-rel-v5.1-2011-12-11-a999e4a-armv5te/tmp/sysroots/i686-eldk-linux-nativesdk --with-mpc=/opt/eldk/build/eldk-rel-v5.1-2011-12-11-a999e4a-armv5te/tmp/sysroots/i686-eldk-linux-nativesdk --enable-nls --enable-__cxa_atexit
Thread model: posix
gcc version 4.6.1 20110627 (prerelease) (GCC) 
configure:4541: $? = 0
configure:4530: arm-linux-gcc -V >&5
arm-linux-gcc: error: unrecognized option '-V'
arm-linux-gcc: fatal error: no input files
compilation terminated.
configure:4541: $? = 1
configure:4530: arm-linux-gcc -qversion >&5
arm-linux-gcc: error: unrecognized option '-qversion'
arm-linux-gcc: fatal error: no input files
compilation terminated.
configure:4541: $? = 1
configure:4545: checking whether we are using the GNU C compiler
configure:4573: result: yes
configure:4582: checking whether arm-linux-gcc accepts -g
configure:4643: result: yes
configure:4660: checking for arm-linux-gcc option to accept ISO C89
configure:4737: result: none needed
configure:4759: checking dependency style of arm-linux-gcc
configure:4849: result: gcc3
configure:4869: checking for arm-linux-ranlib
configure:4885: found /opt/eldk-5.1/armv5te/sysroots/i686-eldk-linux/usr/bin/armv5te-linux-gnueabi/arm-linux-ranlib
configure:4896: result: arm-linux-ranlib
configure:5034: checking build system type
configure:5048: result: i686-pc-linux-gnu
configure:5068: checking host system type
configure:5081: result: arm-unknown-linux-gnu
configure:5101: checking for a sed that does not truncate output
configure:5155: result: /bin/sed
configure:5158: checking for grep that handles long lines and -e
configure:5216: result: /bin/grep
configure:5221: checking for egrep
configure:5283: result: /bin/grep -E
configure:5299: checking for ld used by arm-linux-gcc
configure:5366: result: /opt/eldk-5.1/armv5te/sysroots/i686-eldk-linux/usr/libexec/armv5te-linux-gnueabi/gcc/arm-linux-gnueabi/4.6.1/ld
configure:5373: checking if the linker (/opt/eldk-5.1/armv5te/sysroots/i686-eldk-linux/usr/libexec/armv5te-linux-gnueabi/gcc/arm-linux-gnueabi/4.6.1/ld) is GNU ld
configure:5388: result: yes
configure:5393: checking for /opt/eldk-5.1/armv5te/sysroots/i686-eldk-linux/usr/libexec/armv5te-linux-gnueabi/gcc/arm-linux-gnueabi/4.6.1/ld option to reload object files
configure:5400: result: -r
configure:5418: checking for BSD-compatible nm
configure:5467: result: /opt/eldk-5.1/armv5te/sysroots/i686-eldk-linux/usr/bin/armv5te-linux-gnueabi/arm-linux-nm -B
configure:5471: checking whether ln -s works
configure:5475: result: yes
configure:5482: checking how to recognise dependent libraries
configure:5658: result: pass_all
configure:5866: checking how to run the C preprocessor
configure:5897: arm-linux-gcc -E  conftest.c
configure:5897: $? = 0
configure:5911: arm-linux-gcc -E  conftest.c
conftest.c:12:28: fatal error: ac_nonexistent.h: No such file or directory
compilation terminated.
configure:5911: $? = 1
configure: failed program was:
| /* confdefs.h */
| #define PACKAGE_NAME "sqlite"
| #define PACKAGE_TARNAME "sqlite"
| #define PACKAGE_VERSION "3.7.10"
| #define PACKAGE_STRING "sqlite 3.7.10"
| #define PACKAGE_BUGREPORT "http://www.sqlite.org"
| #define PACKAGE_URL ""
| #define PACKAGE "sqlite"
| #define VERSION "3.7.10"
| #define _FILE_OFFSET_BITS 64
| /* end confdefs.h.  */
| #include <ac_nonexistent.h>
configure:5936: result: arm-linux-gcc -E
configure:5956: arm-linux-gcc -E  conftest.c
configure:5956: $? = 0
configure:5970: arm-linux-gcc -E  conftest.c
conftest.c:12:28: fatal error: ac_nonexistent.h: No such file or directory
compilation terminated.
configure:5970: $? = 1
configure: failed program was:
| /* confdefs.h */
| #define PACKAGE_NAME "sqlite"
| #define PACKAGE_TARNAME "sqlite"
| #define PACKAGE_VERSION "3.7.10"
| #define PACKAGE_STRING "sqlite 3.7.10"
| #define PACKAGE_BUGREPORT "http://www.sqlite.org"
| #define PACKAGE_URL ""
| #define PACKAGE "sqlite"
| #define VERSION "3.7.10"
| #define _FILE_OFFSET_BITS 64
| /* end confdefs.h.  */
| #include <ac_nonexistent.h>
configure:5999: checking for ANSI C header files
configure:6019: arm-linux-gcc -c -g -O2  conftest.c >&5
configure:6019: $? = 0
configure:6103: result: yes
configure:6116: checking for sys/types.h
configure:6116: arm-linux-gcc -c -g -O2  conftest.c >&5
configure:6116: $? = 0
configure:6116: result: yes
configure:6116: checking for sys/stat.h
configure:6116: arm-linux-gcc -c -g -O2  conftest.c >&5
configure:6116: $? = 0
configure:6116: result: yes
configure:6116: checking for stdlib.h
configure:6116: arm-linux-gcc -c -g -O2  conftest.c >&5
configure:6116: $? = 0
configure:6116: result: yes
configure:6116: checking for string.h
configure:6116: arm-linux-gcc -c -g -O2  conftest.c >&5
configure:6116: $? = 0
configure:6116: result: yes
configure:6116: checking for memory.h
configure:6116: arm-linux-gcc -c -g -O2  conftest.c >&5
configure:6116: $? = 0
configure:6116: result: yes
configure:6116: checking for strings.h
configure:6116: arm-linux-gcc -c -g -O2  conftest.c >&5
configure:6116: $? = 0
configure:6116: result: yes
configure:6116: checking for inttypes.h
configure:6116: arm-linux-gcc -c -g -O2  conftest.c >&5
configure:6116: $? = 0
configure:6116: result: yes
configure:6116: checking for stdint.h
configure:6116: arm-linux-gcc -c -g -O2  conftest.c >&5
configure:6116: $? = 0
configure:6116: result: yes
configure:6116: checking for unistd.h
configure:6116: arm-linux-gcc -c -g -O2  conftest.c >&5
configure:6116: $? = 0
configure:6116: result: yes
configure:6130: checking dlfcn.h usability
configure:6130: arm-linux-gcc -c -g -O2  conftest.c >&5
configure:6130: $? = 0
configure:6130: result: yes
configure:6130: checking dlfcn.h presence
configure:6130: arm-linux-gcc -E  conftest.c
configure:6130: $? = 0
configure:6130: result: yes
configure:6130: checking for dlfcn.h
configure:6130: result: yes
configure:6154: checking for arm-linux-g++
configure:6170: found /opt/eldk-5.1/armv5te/sysroots/i686-eldk-linux/usr/bin/armv5te-linux-gnueabi/arm-linux-g++
configure:6181: result: arm-linux-g++
configure:6252: checking for C++ compiler version
configure:6261: arm-linux-g++ --version >&5
arm-linux-g++ (GCC) 4.6.1 20110627 (prerelease)
Copyright (C) 2011 Free Software Foundation, Inc.
This is free software; see the source for copying conditions.  There is NO
warranty; not even for MERCHANTABILITY or FITNESS FOR A PARTICULAR PURPOSE.

configure:6272: $? = 0
configure:6261: arm-linux-g++ -v >&5
Using built-in specs.
COLLECT_GCC=arm-linux-g++
COLLECT_LTO_WRAPPER=/opt/eldk-5.1/armv5te/sysroots/i686-eldk-linux/usr/libexec/armv5te-linux-gnueabi/gcc/arm-linux-gnueabi/4.6.1/lto-wrapper
Target: arm-linux-gnueabi
Configured with: /opt/eldk/build/eldk-rel-v5.1-2011-12-11-a999e4a-armv5te/tmp/work-shared/gcc-4.6.1+svnr175454-r11/gcc-4_6-branch/configure --build=x86_64-linux --host=i686-eldk-linux --target=arm-linux-gnueabi --prefix=/opt/eldk-5.1/armv5te/sysroots/i686-eldk-linux/usr --exec_prefix=/opt/eldk-5.1/armv5te/sysroots/i686-eldk-linux/usr --bindir=/opt/eldk-5.1/armv5te/sysroots/i686-eldk-linux/usr/bin/armv5te-linux-gnueabi --sbindir=/opt/eldk-5.1/armv5te/sysroots/i686-eldk-linux/usr/bin/armv5te-linux-gnueabi --libexecdir=/opt/eldk-5.1/armv5te/sysroots/i686-eldk-linux/usr/libexec/armv5te-linux-gnueabi --datadir=/opt/eldk-5.1/armv5te/sysroots/i686-eldk-linux/usr/share --sysconfdir=/opt/eldk-5.1/armv5te/sysroots/i686-eldk-linux/etc --sharedstatedir=/opt/eldk-5.1/armv5te/sysroots/i686-eldk-linux/com --localstatedir=/opt/eldk-5.1/armv5te/sysroots/i686-eldk-linux/var --libdir=/opt/eldk-5.1/armv5te/sysroots/i686-eldk-linux/usr/lib/armv5te-linux-gnueabi --includedir=/opt/eldk-5.1/armv5te/sysroots/i686-eldk-linux/usr/include --oldincludedir=/opt/eldk-5.1/armv5te/sysroots/i686-eldk-linux/usr/include --infodir=/opt/eldk-5.1/armv5te/sysroots/i686-eldk-linux/usr/share/info --mandir=/opt/eldk-5.1/armv5te/sysroots/i686-eldk-linux/usr/share/man --disable-silent-rules --with-libtool-sysroot=/opt/eldk/build/eldk-rel-v5.1-2011-12-11-a999e4a-armv5te/tmp/sysroots/i686-eldk-linux-nativesdk --with-gnu-ld --enable-shared --enable-languages=c,c++ --enable-threads=posix --disable-multilib --enable-c99 --enable-long-long --enable-symvers=gnu --enable-libstdcxx-pch --program-prefix=arm-linux-gnueabi- --enable-target-optspace --enable-lto --enable-libssp --disable-bootstrap --disable-libgomp --disable-libmudflap --enable-cheaders=c_global --with-float=soft --with-local-prefix=/opt/eldk-5.1/armv5te/sysroots/armv5te-linux-gnueabi/usr --with-gxx-include-dir=/usr/include/c++ --with-build-time-tools=/opt/eldk/build/eldk-rel-v5.1-2011-12-11-a999e4a-armv5te/tmp/sysroots/x86_64-linux/usr/arm-linux-gnueabi/bin --with-sysroot=/opt/eldk-5.1/armv5te/sysroots/armv5te-linux-gnueabi --with-build-sysroot=/opt/eldk/build/eldk-rel-v5.1-2011-12-11-a999e4a-armv5te/tmp/sysroots/generic-armv5te --disable-libunwind-exceptions --disable-libssp --disable-libgomp --disable-libmudflap --with-mpfr=/opt/eldk/build/eldk-rel-v5.1-2011-12-11-a999e4a-armv5te/tmp/sysroots/i686-eldk-linux-nativesdk --with-mpc=/opt/eldk/build/eldk-rel-v5.1-2011-12-11-a999e4a-armv5te/tmp/sysroots/i686-eldk-linux-nativesdk --enable-nls --enable-__cxa_atexit
Thread model: posix
gcc version 4.6.1 20110627 (prerelease) (GCC) 
configure:6272: $? = 0
configure:6261: arm-linux-g++ -V >&5
arm-linux-g++: error: unrecognized option '-V'
arm-linux-g++: fatal error: no input files
compilation terminated.
configure:6272: $? = 1
configure:6261: arm-linux-g++ -qversion >&5
arm-linux-g++: error: unrecognized option '-qversion'
arm-linux-g++: fatal error: no input files
compilation terminated.
configure:6272: $? = 1
configure:6276: checking whether we are using the GNU C++ compiler
configure:6295: arm-linux-g++ -c   conftest.cpp >&5
configure:6295: $? = 0
configure:6304: result: yes
configure:6313: checking whether arm-linux-g++ accepts -g
configure:6333: arm-linux-g++ -c -g  conftest.cpp >&5
configure:6333: $? = 0
configure:6374: result: yes
configure:6399: checking dependency style of arm-linux-g++
configure:6489: result: gcc3
configure:6516: checking how to run the C++ preprocessor
configure:6543: arm-linux-g++ -E  conftest.cpp
configure:6543: $? = 0
configure:6557: arm-linux-g++ -E  conftest.cpp
conftest.cpp:23:28: fatal error: ac_nonexistent.h: No such file or directory
compilation terminated.
configure:6557: $? = 1
configure: failed program was:
| /* confdefs.h */
| #define PACKAGE_NAME "sqlite"
| #define PACKAGE_TARNAME "sqlite"
| #define PACKAGE_VERSION "3.7.10"
| #define PACKAGE_STRING "sqlite 3.7.10"
| #define PACKAGE_BUGREPORT "http://www.sqlite.org"
| #define PACKAGE_URL ""
| #define PACKAGE "sqlite"
| #define VERSION "3.7.10"
| #define _FILE_OFFSET_BITS 64
| #define STDC_HEADERS 1
| #define HAVE_SYS_TYPES_H 1
| #define HAVE_SYS_STAT_H 1
| #define HAVE_STDLIB_H 1
| #define HAVE_STRING_H 1
| #define HAVE_MEMORY_H 1
| #define HAVE_STRINGS_H 1
| #define HAVE_INTTYPES_H 1
| #define HAVE_STDINT_H 1
| #define HAVE_UNISTD_H 1
| #define HAVE_DLFCN_H 1
| /* end confdefs.h.  */
| #include <ac_nonexistent.h>
configure:6582: result: arm-linux-g++ -E
configure:6602: arm-linux-g++ -E  conftest.cpp
configure:6602: $? = 0
configure:6616: arm-linux-g++ -E  conftest.cpp
conftest.cpp:23:28: fatal error: ac_nonexistent.h: No such file or directory
compilation terminated.
configure:6616: $? = 1
configure: failed program was:
| /* confdefs.h */
| #define PACKAGE_NAME "sqlite"
| #define PACKAGE_TARNAME "sqlite"
| #define PACKAGE_VERSION "3.7.10"
| #define PACKAGE_STRING "sqlite 3.7.10"
| #define PACKAGE_BUGREPORT "http://www.sqlite.org"
| #define PACKAGE_URL ""
| #define PACKAGE "sqlite"
| #define VERSION "3.7.10"
| #define _FILE_OFFSET_BITS 64
| #define STDC_HEADERS 1
| #define HAVE_SYS_TYPES_H 1
| #define HAVE_SYS_STAT_H 1
| #define HAVE_STDLIB_H 1
| #define HAVE_STRING_H 1
| #define HAVE_MEMORY_H 1
| #define HAVE_STRINGS_H 1
| #define HAVE_INTTYPES_H 1
| #define HAVE_STDINT_H 1
| #define HAVE_UNISTD_H 1
| #define HAVE_DLFCN_H 1
| /* end confdefs.h.  */
| #include <ac_nonexistent.h>
configure:6656: checking for arm-linux-g77
configure:6686: result: no
configure:6656: checking for arm-linux-xlf
configure:6686: result: no
configure:6656: checking for arm-linux-f77
configure:6686: result: no
configure:6656: checking for arm-linux-frt
configure:6686: result: no
configure:6656: checking for arm-linux-pgf77
configure:6686: result: no
configure:6656: checking for arm-linux-cf77
configure:6686: result: no
configure:6656: checking for arm-linux-fort77
configure:6686: result: no
configure:6656: checking for arm-linux-fl32
configure:6686: result: no
configure:6656: checking for arm-linux-af77
configure:6686: result: no
configure:6656: checking for arm-linux-xlf90
configure:6686: result: no
configure:6656: checking for arm-linux-f90
configure:6686: result: no
configure:6656: checking for arm-linux-pgf90
configure:6686: result: no
configure:6656: checking for arm-linux-pghpf
configure:6686: result: no
configure:6656: checking for arm-linux-epcf90
configure:6686: result: no
configure:6656: checking for arm-linux-gfortran
configure:6686: result: no
configure:6656: checking for arm-linux-g95
configure:6686: result: no
configure:6656: checking for arm-linux-xlf95
configure:6686: result: no
configure:6656: checking for arm-linux-f95
configure:6686: result: no
configure:6656: checking for arm-linux-fort
configure:6686: result: no
configure:6656: checking for arm-linux-ifort
configure:6686: result: no
configure:6656: checking for arm-linux-ifc
configure:6686: result: no
configure:6656: checking for arm-linux-efc
configure:6686: result: no
configure:6656: checking for arm-linux-pgfortran
configure:6686: result: no
configure:6656: checking for arm-linux-pgf95
configure:6686: result: no
configure:6656: checking for arm-linux-lf95
configure:6686: result: no
configure:6656: checking for arm-linux-ftn
configure:6686: result: no
configure:6700: checking for g77
configure:6730: result: no
configure:6700: checking for xlf
configure:6730: result: no
configure:6700: checking for f77
configure:6730: result: no
configure:6700: checking for frt
configure:6730: result: no
configure:6700: checking for pgf77
configure:6730: result: no
configure:6700: checking for cf77
configure:6730: result: no
configure:6700: checking for fort77
configure:6730: result: no
configure:6700: checking for fl32
configure:6730: result: no
configure:6700: checking for af77
configure:6730: result: no
configure:6700: checking for xlf90
configure:6730: result: no
configure:6700: checking for f90
configure:6730: result: no
configure:6700: checking for pgf90
configure:6730: result: no
configure:6700: checking for pghpf
configure:6730: result: no
configure:6700: checking for epcf90
configure:6730: result: no
configure:6700: checking for gfortran
configure:6730: result: no
configure:6700: checking for g95
configure:6730: result: no
configure:6700: checking for xlf95
configure:6730: result: no
configure:6700: checking for f95
configure:6730: result: no
configure:6700: checking for fort
configure:6730: result: no
configure:6700: checking for ifort
configure:6730: result: no
configure:6700: checking for ifc
configure:6730: result: no
configure:6700: checking for efc
configure:6730: result: no
configure:6700: checking for pgfortran
configure:6730: result: no
configure:6700: checking for pgf95
configure:6730: result: no
configure:6700: checking for lf95
configure:6730: result: no
configure:6700: checking for ftn
configure:6730: result: no
configure:6753: checking for Fortran 77 compiler version
configure:6762:  --version >&5
./configure: line 6764: --version: command not found
configure:6773: $? = 127
configure:6762:  -v >&5
./configure: line 6764: -v: command not found
configure:6773: $? = 127
configure:6762:  -V >&5
./configure: line 6764: -V: command not found
configure:6773: $? = 127
configure:6762:  -qversion >&5
./configure: line 6764: -qversion: command not found
configure:6773: $? = 127
configure:6782: checking whether we are using the GNU Fortran 77 compiler
configure:6795:  -c  conftest.F >&5
./configure: line 2121: -c: command not found
configure:6795: $? = 127
configure: failed program was:
|       program main
| #ifndef __GNUC__
|        choke me
| #endif
| 
|       end
configure:6804: result: no
configure:6810: checking whether  accepts -g
configure:6821:  -c -g conftest.f >&5
./configure: line 2121: -c: command not found
configure:6821: $? = 127
configure: failed program was:
|       program main
| 
|       end
configure:6829: result: no
configure:6863: checking the maximum length of command line arguments
configure:6972: result: 32768
configure:6983: checking command to parse /opt/eldk-5.1/armv5te/sysroots/i686-eldk-linux/usr/bin/armv5te-linux-gnueabi/arm-linux-nm -B output from arm-linux-gcc object
configure:7088: arm-linux-gcc -c -g -O2  conftest.c >&5
configure:7091: $? = 0
configure:7095: /opt/eldk-5.1/armv5te/sysroots/i686-eldk-linux/usr/bin/armv5te-linux-gnueabi/arm-linux-nm -B conftest.o \| sed -n -e 's/^.*[ 	]\([ABCDGIRSTW][ABCDGIRSTW]*\)[ 	][ 	]*\([_A-Za-z][_A-Za-z0-9]*\)$/\1 \2 \2/p' \> conftest.nm
configure:7098: $? = 0
configure:7150: arm-linux-gcc -o conftest -g -O2   conftest.c conftstm.o >&5
configure:7153: $? = 0
configure:7191: result: ok
configure:7195: checking for objdir
configure:7210: result: .libs
configure:7262: checking for arm-linux-ar
configure:7278: found /opt/eldk-5.1/armv5te/sysroots/i686-eldk-linux/usr/bin/armv5te-linux-gnueabi/arm-linux-ar
configure:7289: result: arm-linux-ar
configure:7354: checking for arm-linux-ranlib
configure:7381: result: arm-linux-ranlib
configure:7446: checking for arm-linux-strip
configure:7473: result: arm-linux-strip
configure:7795: checking if arm-linux-gcc supports -fno-rtti -fno-exceptions
configure:7813: arm-linux-gcc -c -g -O2  -fno-rtti -fno-exceptions conftest.c >&5
cc1: warning: command line option '-fno-rtti' is valid for C++/ObjC++ but not for C [enabled by default]
configure:7817: $? = 0
configure:7830: result: no
configure:7845: checking for arm-linux-gcc option to produce PIC
configure:8055: result: -fPIC
configure:8063: checking if arm-linux-gcc PIC flag -fPIC works
configure:8081: arm-linux-gcc -c -g -O2  -fPIC -DPIC conftest.c >&5
configure:8085: $? = 0
configure:8098: result: yes
configure:8126: checking if arm-linux-gcc static flag -static works
configure:8154: result: yes
configure:8164: checking if arm-linux-gcc supports -c -o file.o
configure:8185: arm-linux-gcc -c -g -O2  -o out/conftest2.o conftest.c >&5
configure:8189: $? = 0
configure:8211: result: yes
configure:8237: checking whether the arm-linux-gcc linker (/opt/eldk-5.1/armv5te/sysroots/i686-eldk-linux/usr/libexec/armv5te-linux-gnueabi/gcc/arm-linux-gnueabi/4.6.1/ld) supports shared libraries
configure:9137: result: yes
configure:9158: checking whether -lc should be explicitly linked in
configure:9163: arm-linux-gcc -c -g -O2  conftest.c >&5
configure:9166: $? = 0
configure:9181: arm-linux-gcc -shared conftest.o  -v -Wl,-soname -Wl,conftest -o conftest 2\>\&1 \| grep  -lc  \>/dev/null 2\>\&1
configure:9184: $? = 0
configure:9196: result: no
configure:9204: checking dynamic linker characteristics
configure:9792: result: GNU/Linux ld.so
configure:9801: checking how to hardcode library paths into programs
configure:9826: result: immediate
configure:9840: checking whether stripping libraries is possible
configure:9845: result: yes
configure:10361: checking if libtool supports shared libraries
configure:10363: result: yes
configure:10366: checking whether to build shared libraries
configure:10387: result: yes
configure:10390: checking whether to build static libraries
configure:10394: result: yes
configure:10486: creating libtool
configure:11070: checking for ld used by arm-linux-g++
configure:11137: result: /opt/eldk-5.1/armv5te/sysroots/i686-eldk-linux/usr/libexec/armv5te-linux-gnueabi/gcc/arm-linux-gnueabi/4.6.1/ld
configure:11144: checking if the linker (/opt/eldk-5.1/armv5te/sysroots/i686-eldk-linux/usr/libexec/armv5te-linux-gnueabi/gcc/arm-linux-gnueabi/4.6.1/ld) is GNU ld
configure:11159: result: yes
configure:11210: checking whether the arm-linux-g++ linker (/opt/eldk-5.1/armv5te/sysroots/i686-eldk-linux/usr/libexec/armv5te-linux-gnueabi/gcc/arm-linux-gnueabi/4.6.1/ld) supports shared libraries
configure:12090: result: yes
configure:12108: arm-linux-g++ -c -g -O2  conftest.cpp >&5
configure:12111: $? = 0
configure:12230: checking for arm-linux-g++ option to produce PIC
configure:12504: result: -fPIC
configure:12512: checking if arm-linux-g++ PIC flag -fPIC works
configure:12530: arm-linux-g++ -c -g -O2  -fPIC -DPIC conftest.cpp >&5
configure:12534: $? = 0
configure:12547: result: yes
configure:12575: checking if arm-linux-g++ static flag -static works
configure:12603: result: yes
configure:12613: checking if arm-linux-g++ supports -c -o file.o
configure:12634: arm-linux-g++ -c -g -O2  -o out/conftest2.o conftest.cpp >&5
configure:12638: $? = 0
configure:12660: result: yes
configure:12686: checking whether the arm-linux-g++ linker (/opt/eldk-5.1/armv5te/sysroots/i686-eldk-linux/usr/libexec/armv5te-linux-gnueabi/gcc/arm-linux-gnueabi/4.6.1/ld) supports shared libraries
configure:12711: result: yes
configure:12778: checking dynamic linker characteristics
configure:13366: result: GNU/Linux ld.so
configure:13375: checking how to hardcode library paths into programs
configure:13400: result: immediate
configure:19436: checking for a thread-safe mkdir -p
configure:19475: result: /bin/mkdir -p
configure:19483: checking for fdatasync
configure:19483: arm-linux-gcc -o conftest -g -O2   conftest.c  >&5
configure:19483: $? = 0
configure:19483: result: yes
configure:19483: checking for usleep
configure:19483: arm-linux-gcc -o conftest -g -O2   conftest.c  >&5
configure:19483: $? = 0
configure:19483: result: yes
configure:19483: checking for fullfsync
configure:19483: arm-linux-gcc -o conftest -g -O2   conftest.c  >&5
/tmp/ccS3vaCm.o: In function `main':
/home/burning/wr1004sjl/apps/sqlite/sqlite-3.7.10/conftest.c:59: undefined reference to `fullfsync'
collect2: ld returned 1 exit status
configure:19483: $? = 1
configure: failed program was:
| /* confdefs.h */
| #define PACKAGE_NAME "sqlite"
| #define PACKAGE_TARNAME "sqlite"
| #define PACKAGE_VERSION "3.7.10"
| #define PACKAGE_STRING "sqlite 3.7.10"
| #define PACKAGE_BUGREPORT "http://www.sqlite.org"
| #define PACKAGE_URL ""
| #define PACKAGE "sqlite"
| #define VERSION "3.7.10"
| #define _FILE_OFFSET_BITS 64
| #define STDC_HEADERS 1
| #define HAVE_SYS_TYPES_H 1
| #define HAVE_SYS_STAT_H 1
| #define HAVE_STDLIB_H 1
| #define HAVE_STRING_H 1
| #define HAVE_MEMORY_H 1
| #define HAVE_STRINGS_H 1
| #define HAVE_INTTYPES_H 1
| #define HAVE_STDINT_H 1
| #define HAVE_UNISTD_H 1
| #define HAVE_DLFCN_H 1
| #define HAVE_FDATASYNC 1
| #define HAVE_USLEEP 1
| /* end confdefs.h.  */
| /* Define fullfsync to an innocuous variant, in case <limits.h> declares fullfsync.
|    For example, HP-UX 11i <limits.h> declares gettimeofday.  */
| #define fullfsync innocuous_fullfsync
| 
| /* System header to define __stub macros and hopefully few prototypes,
|     which can conflict with char fullfsync (); below.
|     Prefer <limits.h> to <assert.h> if __STDC__ is defined, since
|     <limits.h> exists even on freestanding compilers.  */
| 
| #ifdef __STDC__
| # include <limits.h>
| #else
| # include <assert.h>
| #endif
| 
| #undef fullfsync
| 
| /* Override any GCC internal prototype to avoid an error.
|    Use char because int might match the return type of a GCC
|    builtin and then its argument prototype would still apply.  */
| #ifdef __cplusplus
| extern "C"
| #endif
| char fullfsync ();
| /* The GNU C library defines this for functions which it implements
|     to always fail with ENOSYS.  Some functions are actually named
|     something starting with __ and the normal name is an alias.  */
| #if defined __stub_fullfsync || defined __stub___fullfsync
| choke me
| #endif
| 
| int
| main ()
| {
| return fullfsync ();
|   ;
|   return 0;
| }
configure:19483: result: no
configure:19483: checking for localtime_r
configure:19483: arm-linux-gcc -o conftest -g -O2   conftest.c  >&5
configure:19483: $? = 0
configure:19483: result: yes
configure:19483: checking for gmtime_r
configure:19483: arm-linux-gcc -o conftest -g -O2   conftest.c  >&5
configure:19483: $? = 0
configure:19483: result: yes
configure:19492: checking whether strerror_r is declared
configure:19492: arm-linux-gcc -c -g -O2  conftest.c >&5
configure:19492: $? = 0
configure:19492: result: yes
configure:19505: checking for strerror_r
configure:19505: arm-linux-gcc -o conftest -g -O2   conftest.c  >&5
configure:19505: $? = 0
configure:19505: result: yes
configure:19514: checking whether strerror_r returns char *
configure:19538: arm-linux-gcc -c -g -O2  conftest.c >&5
conftest.c: In function 'main':
conftest.c:67:13: error: invalid type argument of unary '*' (have 'int')
conftest.c:68:14: warning: initialization makes pointer from integer without a cast [enabled by default]
configure:19538: $? = 1
configure: failed program was:
| /* confdefs.h */
| #define PACKAGE_NAME "sqlite"
| #define PACKAGE_TARNAME "sqlite"
| #define PACKAGE_VERSION "3.7.10"
| #define PACKAGE_STRING "sqlite 3.7.10"
| #define PACKAGE_BUGREPORT "http://www.sqlite.org"
| #define PACKAGE_URL ""
| #define PACKAGE "sqlite"
| #define VERSION "3.7.10"
| #define _FILE_OFFSET_BITS 64
| #define STDC_HEADERS 1
| #define HAVE_SYS_TYPES_H 1
| #define HAVE_SYS_STAT_H 1
| #define HAVE_STDLIB_H 1
| #define HAVE_STRING_H 1
| #define HAVE_MEMORY_H 1
| #define HAVE_STRINGS_H 1
| #define HAVE_INTTYPES_H 1
| #define HAVE_STDINT_H 1
| #define HAVE_UNISTD_H 1
| #define HAVE_DLFCN_H 1
| #define HAVE_FDATASYNC 1
| #define HAVE_USLEEP 1
| #define HAVE_LOCALTIME_R 1
| #define HAVE_GMTIME_R 1
| #define HAVE_DECL_STRERROR_R 1
| #define HAVE_STRERROR_R 1
| /* end confdefs.h.  */
| #include <stdio.h>
| #ifdef HAVE_SYS_TYPES_H
| # include <sys/types.h>
| #endif
| #ifdef HAVE_SYS_STAT_H
| # include <sys/stat.h>
| #endif
| #ifdef STDC_HEADERS
| # include <stdlib.h>
| # include <stddef.h>
| #else
| # ifdef HAVE_STDLIB_H
| #  include <stdlib.h>
| # endif
| #endif
| #ifdef HAVE_STRING_H
| # if !defined STDC_HEADERS && defined HAVE_MEMORY_H
| #  include <memory.h>
| # endif
| # include <string.h>
| #endif
| #ifdef HAVE_STRINGS_H
| # include <strings.h>
| #endif
| #ifdef HAVE_INTTYPES_H
| # include <inttypes.h>
| #endif
| #ifdef HAVE_STDINT_H
| # include <stdint.h>
| #endif
| #ifdef HAVE_UNISTD_H
| # include <unistd.h>
| #endif
| int
| main ()
| {
| 
| 	  char buf[100];
| 	  char x = *strerror_r (0, buf, sizeof buf);
| 	  char *p = strerror_r (0, buf, sizeof buf);
| 	  return !p || x;
| 
|   ;
|   return 0;
| }
configure:19576: result: no
configure:19602: checking for library containing tgetent
configure:19633: arm-linux-gcc -o conftest -g -O2   conftest.c  >&5
/tmp/cc2XYf4K.o: In function `main':
/home/burning/wr1004sjl/apps/sqlite/sqlite-3.7.10/conftest.c:40: undefined reference to `tgetent'
collect2: ld returned 1 exit status
configure:19633: $? = 1
configure: failed program was:
| /* confdefs.h */
| #define PACKAGE_NAME "sqlite"
| #define PACKAGE_TARNAME "sqlite"
| #define PACKAGE_VERSION "3.7.10"
| #define PACKAGE_STRING "sqlite 3.7.10"
| #define PACKAGE_BUGREPORT "http://www.sqlite.org"
| #define PACKAGE_URL ""
| #define PACKAGE "sqlite"
| #define VERSION "3.7.10"
| #define _FILE_OFFSET_BITS 64
| #define STDC_HEADERS 1
| #define HAVE_SYS_TYPES_H 1
| #define HAVE_SYS_STAT_H 1
| #define HAVE_STDLIB_H 1
| #define HAVE_STRING_H 1
| #define HAVE_MEMORY_H 1
| #define HAVE_STRINGS_H 1
| #define HAVE_INTTYPES_H 1
| #define HAVE_STDINT_H 1
| #define HAVE_UNISTD_H 1
| #define HAVE_DLFCN_H 1
| #define HAVE_FDATASYNC 1
| #define HAVE_USLEEP 1
| #define HAVE_LOCALTIME_R 1
| #define HAVE_GMTIME_R 1
| #define HAVE_DECL_STRERROR_R 1
| #define HAVE_STRERROR_R 1
| /* end confdefs.h.  */
| 
| /* Override any GCC internal prototype to avoid an error.
|    Use char because int might match the return type of a GCC
|    builtin and then its argument prototype would still apply.  */
| #ifdef __cplusplus
| extern "C"
| #endif
| char tgetent ();
| int
| main ()
| {
| return tgetent ();
|   ;
|   return 0;
| }
configure:19633: arm-linux-gcc -o conftest -g -O2   conftest.c -lcurses   >&5
configure:19633: $? = 0
configure:19650: result: -lcurses
configure:19658: checking for library containing readline
configure:19689: arm-linux-gcc -o conftest -g -O2   conftest.c -lcurses  >&5
/tmp/ccs6zPSR.o: In function `main':
/home/burning/wr1004sjl/apps/sqlite/sqlite-3.7.10/conftest.c:40: undefined reference to `readline'
collect2: ld returned 1 exit status
configure:19689: $? = 1
configure: failed program was:
| /* confdefs.h */
| #define PACKAGE_NAME "sqlite"
| #define PACKAGE_TARNAME "sqlite"
| #define PACKAGE_VERSION "3.7.10"
| #define PACKAGE_STRING "sqlite 3.7.10"
| #define PACKAGE_BUGREPORT "http://www.sqlite.org"
| #define PACKAGE_URL ""
| #define PACKAGE "sqlite"
| #define VERSION "3.7.10"
| #define _FILE_OFFSET_BITS 64
| #define STDC_HEADERS 1
| #define HAVE_SYS_TYPES_H 1
| #define HAVE_SYS_STAT_H 1
| #define HAVE_STDLIB_H 1
| #define HAVE_STRING_H 1
| #define HAVE_MEMORY_H 1
| #define HAVE_STRINGS_H 1
| #define HAVE_INTTYPES_H 1
| #define HAVE_STDINT_H 1
| #define HAVE_UNISTD_H 1
| #define HAVE_DLFCN_H 1
| #define HAVE_FDATASYNC 1
| #define HAVE_USLEEP 1
| #define HAVE_LOCALTIME_R 1
| #define HAVE_GMTIME_R 1
| #define HAVE_DECL_STRERROR_R 1
| #define HAVE_STRERROR_R 1
| /* end confdefs.h.  */
| 
| /* Override any GCC internal prototype to avoid an error.
|    Use char because int might match the return type of a GCC
|    builtin and then its argument prototype would still apply.  */
| #ifdef __cplusplus
| extern "C"
| #endif
| char readline ();
| int
| main ()
| {
| return readline ();
|   ;
|   return 0;
| }
configure:19689: arm-linux-gcc -o conftest -g -O2   conftest.c -lreadline  -lcurses  >&5
configure:19689: $? = 0
configure:19706: result: -lreadline
configure:19718: checking for readline
configure:19718: arm-linux-gcc -o conftest -g -O2   conftest.c -lreadline -lcurses  >&5
configure:19718: $? = 0
configure:19718: result: yes
configure:19746: checking for library containing pthread_create
configure:19777: arm-linux-gcc -o conftest -g -O2   conftest.c  >&5
/tmp/cccRpHd5.o: In function `main':
/home/burning/wr1004sjl/apps/sqlite/sqlite-3.7.10/conftest.c:41: undefined reference to `pthread_create'
collect2: ld returned 1 exit status
configure:19777: $? = 1
configure: failed program was:
| /* confdefs.h */
| #define PACKAGE_NAME "sqlite"
| #define PACKAGE_TARNAME "sqlite"
| #define PACKAGE_VERSION "3.7.10"
| #define PACKAGE_STRING "sqlite 3.7.10"
| #define PACKAGE_BUGREPORT "http://www.sqlite.org"
| #define PACKAGE_URL ""
| #define PACKAGE "sqlite"
| #define VERSION "3.7.10"
| #define _FILE_OFFSET_BITS 64
| #define STDC_HEADERS 1
| #define HAVE_SYS_TYPES_H 1
| #define HAVE_SYS_STAT_H 1
| #define HAVE_STDLIB_H 1
| #define HAVE_STRING_H 1
| #define HAVE_MEMORY_H 1
| #define HAVE_STRINGS_H 1
| #define HAVE_INTTYPES_H 1
| #define HAVE_STDINT_H 1
| #define HAVE_UNISTD_H 1
| #define HAVE_DLFCN_H 1
| #define HAVE_FDATASYNC 1
| #define HAVE_USLEEP 1
| #define HAVE_LOCALTIME_R 1
| #define HAVE_GMTIME_R 1
| #define HAVE_DECL_STRERROR_R 1
| #define HAVE_STRERROR_R 1
| #define HAVE_READLINE 1
| /* end confdefs.h.  */
| 
| /* Override any GCC internal prototype to avoid an error.
|    Use char because int might match the return type of a GCC
|    builtin and then its argument prototype would still apply.  */
| #ifdef __cplusplus
| extern "C"
| #endif
| char pthread_create ();
| int
| main ()
| {
| return pthread_create ();
|   ;
|   return 0;
| }
configure:19777: arm-linux-gcc -o conftest -g -O2   conftest.c -lpthread   >&5
configure:19777: $? = 0
configure:19794: result: -lpthread
configure:19817: checking for library containing dlopen
configure:19848: arm-linux-gcc -o conftest -g -O2   conftest.c -lpthread  >&5
/tmp/cc9FqgUl.o: In function `main':
/home/burning/wr1004sjl/apps/sqlite/sqlite-3.7.10/conftest.c:41: undefined reference to `dlopen'
collect2: ld returned 1 exit status
configure:19848: $? = 1
configure: failed program was:
| /* confdefs.h */
| #define PACKAGE_NAME "sqlite"
| #define PACKAGE_TARNAME "sqlite"
| #define PACKAGE_VERSION "3.7.10"
| #define PACKAGE_STRING "sqlite 3.7.10"
| #define PACKAGE_BUGREPORT "http://www.sqlite.org"
| #define PACKAGE_URL ""
| #define PACKAGE "sqlite"
| #define VERSION "3.7.10"
| #define _FILE_OFFSET_BITS 64
| #define STDC_HEADERS 1
| #define HAVE_SYS_TYPES_H 1
| #define HAVE_SYS_STAT_H 1
| #define HAVE_STDLIB_H 1
| #define HAVE_STRING_H 1
| #define HAVE_MEMORY_H 1
| #define HAVE_STRINGS_H 1
| #define HAVE_INTTYPES_H 1
| #define HAVE_STDINT_H 1
| #define HAVE_UNISTD_H 1
| #define HAVE_DLFCN_H 1
| #define HAVE_FDATASYNC 1
| #define HAVE_USLEEP 1
| #define HAVE_LOCALTIME_R 1
| #define HAVE_GMTIME_R 1
| #define HAVE_DECL_STRERROR_R 1
| #define HAVE_STRERROR_R 1
| #define HAVE_READLINE 1
| /* end confdefs.h.  */
| 
| /* Override any GCC internal prototype to avoid an error.
|    Use char because int might match the return type of a GCC
|    builtin and then its argument prototype would still apply.  */
| #ifdef __cplusplus
| extern "C"
| #endif
| char dlopen ();
| int
| main ()
| {
| return dlopen ();
|   ;
|   return 0;
| }
configure:19848: arm-linux-gcc -o conftest -g -O2   conftest.c -ldl  -lpthread  >&5
configure:19848: $? = 0
configure:19865: result: -ldl
configure:19876: checking for whether to support dynamic extensions
configure:19878: result: yes
configure:19885: checking for posix_fallocate
configure:19885: arm-linux-gcc -o conftest -g -O2   conftest.c -ldl -lpthread  >&5
configure:19885: $? = 0
configure:19885: result: yes
configure:20086: creating ./config.status

## ---------------------- ##
## Running config.status. ##
## ---------------------- ##

This file was extended by sqlite config.status 3.7.10, which was
generated by GNU Autoconf 2.68.  Invocation command line was

  CONFIG_FILES    = 
  CONFIG_HEADERS  = 
  CONFIG_LINKS    = 
  CONFIG_COMMANDS = 
  $ ./config.status 

on ubuntu

config.status:810: creating Makefile
config.status:810: creating sqlite3.pc
config.status:982: executing depfiles commands

## ---------------- ##
## Cache variables. ##
## ---------------- ##

ac_cv_build=i686-pc-linux-gnu
ac_cv_c_compiler_gnu=yes
ac_cv_cxx_compiler_gnu=yes
ac_cv_env_CCC_set=
ac_cv_env_CCC_value=
ac_cv_env_CC_set=
ac_cv_env_CC_value=
ac_cv_env_CFLAGS_set=
ac_cv_env_CFLAGS_value=
ac_cv_env_CPPFLAGS_set=
ac_cv_env_CPPFLAGS_value=
ac_cv_env_CPP_set=
ac_cv_env_CPP_value=
ac_cv_env_CXXCPP_set=
ac_cv_env_CXXCPP_value=
ac_cv_env_CXXFLAGS_set=
ac_cv_env_CXXFLAGS_value=
ac_cv_env_CXX_set=
ac_cv_env_CXX_value=
ac_cv_env_F77_set=
ac_cv_env_F77_value=
ac_cv_env_FFLAGS_set=
ac_cv_env_FFLAGS_value=
ac_cv_env_LDFLAGS_set=
ac_cv_env_LDFLAGS_value=
ac_cv_env_LIBS_set=
ac_cv_env_LIBS_value=
ac_cv_env_build_alias_set=
ac_cv_env_build_alias_value=
ac_cv_env_host_alias_set=set
ac_cv_env_host_alias_value=arm-linux
ac_cv_env_target_alias_set=
ac_cv_env_target_alias_value=
ac_cv_f77_compiler_gnu=no
ac_cv_func_fdatasync=yes
ac_cv_func_fullfsync=no
ac_cv_func_gmtime_r=yes
ac_cv_func_localtime_r=yes
ac_cv_func_posix_fallocate=yes
ac_cv_func_readline=yes
ac_cv_func_strerror_r=yes
ac_cv_func_strerror_r_char_p=no
ac_cv_func_usleep=yes
ac_cv_have_decl_strerror_r=yes
ac_cv_header_dlfcn_h=yes
ac_cv_header_inttypes_h=yes
ac_cv_header_memory_h=yes
ac_cv_header_stdc=yes
ac_cv_header_stdint_h=yes
ac_cv_header_stdlib_h=yes
ac_cv_header_string_h=yes
ac_cv_header_strings_h=yes
ac_cv_header_sys_stat_h=yes
ac_cv_header_sys_types_h=yes
ac_cv_header_unistd_h=yes
ac_cv_host=arm-unknown-linux-gnu
ac_cv_objext=o
ac_cv_path_EGREP='/bin/grep -E'
ac_cv_path_GREP=/bin/grep
ac_cv_path_install='/usr/bin/install -c'
ac_cv_path_mkdir=/bin/mkdir
ac_cv_prog_AR=arm-linux-ar
ac_cv_prog_AWK=mawk
ac_cv_prog_CC=arm-linux-gcc
ac_cv_prog_CPP='arm-linux-gcc -E'
ac_cv_prog_CXX=arm-linux-g++
ac_cv_prog_CXXCPP='arm-linux-g++ -E'
ac_cv_prog_RANLIB=arm-linux-ranlib
ac_cv_prog_STRIP=arm-linux-strip
ac_cv_prog_cc_c89=
ac_cv_prog_cc_g=yes
ac_cv_prog_cxx_g=yes
ac_cv_prog_f77_g=no
ac_cv_prog_make_make_set=yes
ac_cv_search_dlopen=-ldl
ac_cv_search_pthread_create=-lpthread
ac_cv_search_readline=-lreadline
ac_cv_search_tgetent=-lcurses
ac_cv_sys_file_offset_bits=64
ac_cv_sys_largefile_CC=no
am_cv_CC_dependencies_compiler_type=gcc3
am_cv_CXX_dependencies_compiler_type=gcc3
lt_cv_deplibs_check_method=pass_all
lt_cv_file_magic_cmd='$MAGIC_CMD'
lt_cv_file_magic_test_file=
lt_cv_ld_reload_flag=-r
lt_cv_objdir=.libs
lt_cv_path_LD=/opt/eldk-5.1/armv5te/sysroots/i686-eldk-linux/usr/libexec/armv5te-linux-gnueabi/gcc/arm-linux-gnueabi/4.6.1/ld
lt_cv_path_LDCXX=/opt/eldk-5.1/armv5te/sysroots/i686-eldk-linux/usr/libexec/armv5te-linux-gnueabi/gcc/arm-linux-gnueabi/4.6.1/ld
lt_cv_path_NM='/opt/eldk-5.1/armv5te/sysroots/i686-eldk-linux/usr/bin/armv5te-linux-gnueabi/arm-linux-nm -B'
lt_cv_path_SED=/bin/sed
lt_cv_prog_compiler_c_o=yes
lt_cv_prog_compiler_c_o_CXX=yes
lt_cv_prog_compiler_rtti_exceptions=no
lt_cv_prog_gnu_ld=yes
lt_cv_prog_gnu_ldcxx=yes
lt_cv_sys_global_symbol_pipe='sed -n -e '\''s/^.*[ 	]\([ABCDGIRSTW][ABCDGIRSTW]*\)[ 	][ 	]*\([_A-Za-z][_A-Za-z0-9]*\)$/\1 \2 \2/p'\'''
lt_cv_sys_global_symbol_to_c_name_address='sed -n -e '\''s/^: \([^ ]*\) $/  {\"\1\", (lt_ptr) 0},/p'\'' -e '\''s/^[BCDEGRST] \([^ ]*\) \([^ ]*\)$/  {"\2", (lt_ptr) \&\2},/p'\'''
lt_cv_sys_global_symbol_to_cdecl='sed -n -e '\''s/^. .* \(.*\)$/extern int \1;/p'\'''
lt_cv_sys_max_cmd_len=32768
lt_lt_cv_prog_compiler_c_o='"yes"'
lt_lt_cv_prog_compiler_c_o_CXX='"yes"'
lt_lt_cv_sys_global_symbol_pipe='"sed -n -e '\''s/^.*[ 	]\\([ABCDGIRSTW][ABCDGIRSTW]*\\)[ 	][ 	]*\\([_A-Za-z][_A-Za-z0-9]*\\)\$/\\1 \\2 \\2/p'\''"'
lt_lt_cv_sys_global_symbol_to_c_name_address='"sed -n -e '\''s/^: \\([^ ]*\\) \$/  {\\\"\\1\\\", (lt_ptr) 0},/p'\'' -e '\''s/^[BCDEGRST] \\([^ ]*\\) \\([^ ]*\\)\$/  {\"\\2\", (lt_ptr) \\&\\2},/p'\''"'
lt_lt_cv_sys_global_symbol_to_cdecl='"sed -n -e '\''s/^. .* \\(.*\\)\$/extern int \\1;/p'\''"'

## ----------------- ##
## Output variables. ##
## ----------------- ##

ACLOCAL='${SHELL} /home/burning/wr1004sjl/apps/sqlite/sqlite-3.7.10/missing --run aclocal-1.9'
AMDEPBACKSLASH='\'
AMDEP_FALSE='#'
AMDEP_TRUE=''
AMTAR='${SHELL} /home/burning/wr1004sjl/apps/sqlite/sqlite-3.7.10/missing --run tar'
AR='arm-linux-ar'
AUTOCONF='${SHELL} /home/burning/wr1004sjl/apps/sqlite/sqlite-3.7.10/missing --run autoconf'
AUTOHEADER='${SHELL} /home/burning/wr1004sjl/apps/sqlite/sqlite-3.7.10/missing --run autoheader'
AUTOMAKE='${SHELL} /home/burning/wr1004sjl/apps/sqlite/sqlite-3.7.10/missing --run automake-1.9'
AWK='mawk'
BUILD_CFLAGS=''
CC='arm-linux-gcc'
CCDEPMODE='depmode=gcc3'
CFLAGS='-g -O2'
CPP='arm-linux-gcc -E'
CPPFLAGS=''
CXX='arm-linux-g++'
CXXCPP='arm-linux-g++ -E'
CXXDEPMODE='depmode=gcc3'
CXXFLAGS='-g -O2'
CYGPATH_W='echo'
DEFS='-DPACKAGE_NAME=\"sqlite\" -DPACKAGE_TARNAME=\"sqlite\" -DPACKAGE_VERSION=\"3.7.10\" -DPACKAGE_STRING=\"sqlite\ 3.7.10\" -DPACKAGE_BUGREPORT=\"http://www.sqlite.org\" -DPACKAGE_URL=\"\" -DPACKAGE=\"sqlite\" -DVERSION=\"3.7.10\" -D_FILE_OFFSET_BITS=64 -DSTDC_HEADERS=1 -DHAVE_SYS_TYPES_H=1 -DHAVE_SYS_STAT_H=1 -DHAVE_STDLIB_H=1 -DHAVE_STRING_H=1 -DHAVE_MEMORY_H=1 -DHAVE_STRINGS_H=1 -DHAVE_INTTYPES_H=1 -DHAVE_STDINT_H=1 -DHAVE_UNISTD_H=1 -DHAVE_DLFCN_H=1 -DHAVE_FDATASYNC=1 -DHAVE_USLEEP=1 -DHAVE_LOCALTIME_R=1 -DHAVE_GMTIME_R=1 -DHAVE_DECL_STRERROR_R=1 -DHAVE_STRERROR_R=1 -DHAVE_READLINE=1 -DHAVE_POSIX_FALLOCATE=1'
DEPDIR='.deps'
DYNAMIC_EXTENSION_FLAGS=''
ECHO='echo'
ECHO_C=''
ECHO_N='-n'
ECHO_T=''
EGREP='/bin/grep -E'
EXEEXT=''
F77=''
FFLAGS=''
GREP='/bin/grep'
INSTALL_DATA='${INSTALL} -m 644'
INSTALL_PROGRAM='${INSTALL}'
INSTALL_SCRIPT='${INSTALL}'
INSTALL_STRIP_PROGRAM='${SHELL} $(install_sh) -c -s'
LDFLAGS=''
LIBOBJS=''
LIBS='-ldl -lpthread '
LIBTOOL='$(SHELL) $(top_builddir)/libtool'
LN_S='ln -s'
LTLIBOBJS=''
MAKEINFO='${SHELL} /home/burning/wr1004sjl/apps/sqlite/sqlite-3.7.10/missing --run makeinfo'
MKDIR_P='/bin/mkdir -p'
OBJEXT='o'
PACKAGE='sqlite'
PACKAGE_BUGREPORT='http://www.sqlite.org'
PACKAGE_NAME='sqlite'
PACKAGE_STRING='sqlite 3.7.10'
PACKAGE_TARNAME='sqlite'
PACKAGE_URL=''
PACKAGE_VERSION='3.7.10'
PATH_SEPARATOR=':'
RANLIB='arm-linux-ranlib'
READLINE_LIBS='-lreadline -lcurses '
SET_MAKE=''
SHELL='/bin/bash'
STRIP='arm-linux-strip'
THREADSAFE_FLAGS='-D_REENTRANT=1 -DSQLITE_THREADSAFE=1'
VERSION='3.7.10'
ac_ct_CC=''
ac_ct_CXX=''
ac_ct_F77=''
am__fastdepCC_FALSE='#'
am__fastdepCC_TRUE=''
am__fastdepCXX_FALSE='#'
am__fastdepCXX_TRUE=''
am__include='include'
am__leading_dot='.'
am__quote=''
am__tar='${AMTAR} chof - "$$tardir"'
am__untar='${AMTAR} xf -'
bindir='${exec_prefix}/bin'
build='i686-pc-linux-gnu'
build_alias=''
build_cpu='i686'
build_os='linux-gnu'
build_vendor='pc'
datadir='${datarootdir}'
datarootdir='${prefix}/share'
docdir='${datarootdir}/doc/${PACKAGE_TARNAME}'
dvidir='${docdir}'
exec_prefix='${prefix}'
host='arm-unknown-linux-gnu'
host_alias='arm-linux'
host_cpu='arm'
host_os='linux-gnu'
host_vendor='unknown'
htmldir='${docdir}'
includedir='${prefix}/include'
infodir='${datarootdir}/info'
install_sh='/home/burning/wr1004sjl/apps/sqlite/sqlite-3.7.10/install-sh'
libdir='${exec_prefix}/lib'
libexecdir='${exec_prefix}/libexec'
localedir='${datarootdir}/locale'
localstatedir='${prefix}/var'
mandir='${datarootdir}/man'
mkdir_p='mkdir -p --'
oldincludedir='/usr/include'
pdfdir='${docdir}'
prefix='/home/burning/wr1004sjl/apps/sqlite/__install'
program_transform_name='s,x,x,'
psdir='${docdir}'
sbindir='${exec_prefix}/sbin'
sharedstatedir='${prefix}/com'
sysconfdir='${prefix}/etc'
target_alias=''

## ----------- ##
## confdefs.h. ##
## ----------- ##

/* confdefs.h */
#define PACKAGE_NAME "sqlite"
#define PACKAGE_TARNAME "sqlite"
#define PACKAGE_VERSION "3.7.10"
#define PACKAGE_STRING "sqlite 3.7.10"
#define PACKAGE_BUGREPORT "http://www.sqlite.org"
#define PACKAGE_URL ""
#define PACKAGE "sqlite"
#define VERSION "3.7.10"
#define _FILE_OFFSET_BITS 64
#define STDC_HEADERS 1
#define HAVE_SYS_TYPES_H 1
#define HAVE_SYS_STAT_H 1
#define HAVE_STDLIB_H 1
#define HAVE_STRING_H 1
#define HAVE_MEMORY_H 1
#define HAVE_STRINGS_H 1
#define HAVE_INTTYPES_H 1
#define HAVE_STDINT_H 1
#define HAVE_UNISTD_H 1
#define HAVE_DLFCN_H 1
#define HAVE_FDATASYNC 1
#define HAVE_USLEEP 1
#define HAVE_LOCALTIME_R 1
#define HAVE_GMTIME_R 1
#define HAVE_DECL_STRERROR_R 1
#define HAVE_STRERROR_R 1
#define HAVE_READLINE 1
#define HAVE_POSIX_FALLOCATE 1

configure: exit 0
